make.exe all --print-data-base --no-builtin-variables --no-builtin-rules --question
# GNU Make 3.82.90
# Built for i686-pc-mingw32
# Copyright (C) 1988-2012 Free Software Foundation, Inc.
# License GPLv3+: GNU GPL version 3 or later <http://gnu.org/licenses/gpl.html>
# This is free software: you are free to change and redistribute it.
# There is NO WARRANTY, to the extent permitted by law.
 

# Make data base, printed on Wed Jun 15 10:53:31 2022

# Variables

# automatic
<D = $(patsubst %/,%,$(patsubst %\,%,$(dir $<)))
# automatic
?F = $(notdir $?)
# default
.SHELLFLAGS := -c
# makefile
MAKEFLAGS = Rrqp
# environment
VSCODE_LOG_NATIVE = false
# environment
APCA_API_BASE_URL = https://paper-api.alpaca.markets
# automatic
?D = $(patsubst %/,%,$(patsubst %\,%,$(dir $?)))
# automatic
@D = $(patsubst %/,%,$(patsubst %\,%,$(dir $@)))
# environment
HOMEDRIVE = C:
# automatic
@F = $(notdir $@)
# makefile (from 'makefile', line 9)
LDLIBS = -Llib -lmingw32 -lopengl32 -lSDL2_ttf -lglew32 -lglu32 -lfreeglut -lSDL2main -lSDL2 -lSDL2_image -lglew32mx -lassimp.dll
# automatic
^D = $(patsubst %/,%,$(patsubst %\,%,$(dir $^)))
# makefile
CURDIR := c:/Users/eron/Documents/GitHub/GG1-C2-Rendering-Water-Caustics
# default
SHELL := sh.exe
# environment
WINDIR = C:\Windows
# environment
VSCODE_NLS_CONFIG = {"locale":"en-us","availableLanguages":{},"_languagePackSupport":true}
# environment
VBOX_MSI_INSTALL_PATH = C:\Program Files\Oracle\VirtualBox\
# makefile (from 'makefile', line 7)
CFLAGS = -Wall -c $(DEBUG)
# environment
ONEDRIVE = C:\Users\eron\OneDrive
# environment
PATHEXT = .COM;.EXE;.BAT;.CMD;.VBS;.VBE;.JS;.JSE;.WSF;.WSH;.MSC
# makefile (from 'makefile', line 1)
MAKEFILE_LIST :=  makefile
# makefile (from 'makefile', line 6)
DEBUG = -g
# environment
TMP = C:\Users\eron\AppData\Local\Temp
# environment
VSCODE_VERBOSE_LOGGING = true
# environment
PROGRAMW6432 = C:\Program Files
# environment
QT_PLUGIN_PATH = C:\Us 
ers\eron\anaconda3\Library\plugins
# environment
PROGRAMDATA = C:\ProgramData
# environment
VSCODE_IPC_HOOK_EXTHOST = \\.\pipe\vscode-ipc-9336d216-2531-4aaa-a6b5-6002e8232074-sock
# environment
VSCODE_CWD = C:\Users\eron\AppData\Local\Programs\Microsoft VS Code
# environment
PATH = C:\VulkanSDK\1.3.204.1\Bin;C:\Program Files\Common Files\Oracle\Java\javapath;C:\Program Files\Eclipse Foundation\jdk-11.0.12.7-hotspot\bin;C:\Program Files\AdoptOpenJDK\jdk-8.0.292.10-hotspot\bin;C:\Program Files\AdoptOpenJDK\jdk-16.0.1.9-hotspot\bin;C:\Windows\system32;C:\Windows;C:\Windows\System32\Wbem;C:\Windows\System32\WindowsPowerShell\v1.0\;C:\Windows\System32\OpenSSH\;C:\Program Files\Git\cmd;C:\Program Files\PuTTY\;C:\Program Files\dotnet\;C:\Program Files (x86)\ZeroTier\One\;C:\Program Files\CMake\bin;C:\MinGW\bin;C:\Users\eron\AppData\Local\Programs\Microsoft VS Code\bin;C:\Users\eron\AppData\Local\GitHubDesktop\bin;C:\Users\eron\anaconda3\Scripts;C:\Users\eron\pypy3.7-v7.3.4-win64\Scripts;C:\Users\eron\pypy3.7-v7.3.4-win64;C:\iverilog\bin;C:\iverilog\gtkwave\bin;c:\users\eron\.local\bin;c:\users\eron\appdata\roaming\python\python38\scripts;C:\Users\eron\.dotnet\tools;C:\Program Files (x86)\Microsoft Visual Studio\2019\BuildTools\VC;C:\Program Files (x86)\Windows Kits\10\bin\10.0.19041.0\x86;C:\Program Files (x86)\Microsoft Visual Studio\2019\Community\VC\Tools\MSVC\14.29.30133\bin\Hostx64\x64;C:\Program Files\Multipass\bin;C:\Program Files (x86)\GnuWin32\bin;
# environment
COMMONPROGRAMW6432 = C:\Program Files\Common Files
# environment
ZES_ENABLE_SYSMAN = 1
# environment
PROCESSOR_ARCHITECTURE = x86
# environment
USERPROFILE = C:\Users\eron
# environment
ALLUSERSPROFILE = C:\ProgramData
# environment
VSCODE_LOG_STACK = false
# environment
NUMBER_OF_PROCESSORS = 8
# environment
ELECTRON_RUN_AS_NODE = 1
# default
.FEATURES := target-specific order-only second-expansion else-if shortest-stem undefine oneshell archives jobserver
# environment
VK_SDK_PATH = C:\VulkanSDK\1.3.204.1
# automatic
%F = $(notdir $%)
# environment
CHROME_CRASHPAD_PIPE_NAME = \\.\pipe\crashpad_22456_GFHWBNSDYWHEBBRE
# environment
VSCODE_PIPE_LOGGING = true
# makefile (from 'makefile', line 4)
OBJS = water.o kernel.o main.o
# environment
COMPUTERNAME = LAPTOP-3382L583
# environment
PROGRAMFILES = C:\Program Files (x86)
# environment
DRIVERDATA = C:\Windows\System32\Drivers\DriverData
# environment
ORIGINAL_XDG_CURRENT_DESKTOP = undefined
# environment
USERNAME = eron
# environment
PUBLIC = C:\Users\Public
# environment
VSCODE_AMD_ENTRYPOINT = vs/workbench/api/node/extensionHostProcess
# environment
VSCODE_CODE_CACHE_PATH = C:\Users\eron\AppData\Roaming\Code\CachedData\c3511e6c69bb39013c4a4b7b9566ec1ca73fc4d5
# environment
APPLICATION_INSIGHTS_NO_DIAGNOSTIC_CHANNEL = 1
# environment
COMMONPROGRAMFILES = C:\Program Files (x86)\Common Files
# environment
LOGONSERVER = \\LAPTOP-3382L583
# environment
ONEDRIVECONSUMER = C:\Users\eron\OneDrive
# environment
VSCODE_HANDLES_UNCAUGHT_ERRORS = true
# environment
USERDOMAIN = LAPTOP-3382L583
# environment
MAKELEVEL := 0
# default
MAKE = $(MAKE_COMMAND)
# default
MAKECMDGOALS := all
# makefile (from 'makefile', line 5)
CC = g++
# environment
JAVA_HOME = C:\Program Files\AdoptOpenJDK\jdk-16.0.1.9-hotspot\
# default
MAKE_VERSION := 3.82.90
# makefile
.DEFAULT_GOAL := EWS.exe
# environment
APCA_API_KEY_ID = PK1LDF32NI113ELA2Q8J
# environment
PROGRAMFILES(X86) = C:\Program Files (x86)
# automatic
%D = $(patsubst %/,%,$(patsubst %\,%,$(dir $%)))
# makefile (from 'makefile', line 8)
LFLAGS = -Wall $(DEBUG)
# environment
LOCALAPPDATA = C:\Users\eron\AppData\Local
# environment
PSMODULEPATH = C:\Program Files\WindowsPowerShell\Modules;C:\Windows\system32\WindowsPowerShell\v1.0\Modules
# default
MAKE_COMMAND := make.exe
# makefile (from 'makefile', line 10)
INC = -Iinclude
# environment
PROCESSOR_ARCHITEW6432 = AMD64
# default
.VARIABLES := 
# automatic
*F = $(notdir $*)
# environment
PROCESSOR_IDENTIFIER = Intel64 Family 6 Model 126 Stepping 5, GenuineIntel
# environment
OS = Windows_NT
# environment
VSCODE_IPC_HOOK = \\.\pipe\8b26ac036fe8b86955d2f4125d29827e-1.67.2-main-sock
# environment
HOMEPATH = \Users\eron
# environment
COMMONPROGRAMFILES(X86) = C:\Program Files (x86)\Common Files
# environment
PROMPT = $P$G
# environment
MFLAGS = -Rrqp
# automatic
*D = $(patsubst %/,%,$(patsubst %\,%,$(dir $*)))
# environment
SYSTEMROOT = C:\Windows
# automatic
+D = $(patsubst %/,%,$(patsubst %\,%,$(dir $+)))
# automatic
+F = $(notdir $+)
# environment
APPDATA = C:\Users\eron\AppData\Roaming
# environment
APCA_API_SECRET_KEY = ALUURPg2QQPvJn4kXORbY7HS6UmU0tvtZGqtvFpF
# environment
TEMP = C:\Users\eron\AppData\Local\Temp
# environment
COMSPEC = C:\Windows\system32\cmd.exe
# default
MAKEFILES := 
# automatic
<F = $(notdir $<)
# environment
LC_ALL = C
# automatic
^F = $(notdir $^)
# default
SUFFIXES := 
# environment
SYSTEMDRIVE = C:
# environment
SESSIONNAME = Console
# environment
PROCESSOR_REVISION = 7e05
# environment
VS140COMNTOOLS = C:\Program Files (x86)\Microsoft Visual Studio 14.0\Common7\Tools\
# default
.INCLUDE_DIRS = C:/MinGW/include
# default
.RECIPEPREFIX := 
# environment
VULKAN_SDK = C:\VulkanSDK\1.3.204.1
# environment
LANG = C
# environment
PROCESSOR_LEVEL = 6
# environment
VSCODE_PID = 22456
# environment
USERDOMAIN_ROAMINGPROFILE = LAPTOP-3382L583
# variable set hash-table stats:
# Load=107/1024=10%, Rehash=0, Collisions=15/127=12%

# Pattern-specific Variable Values

# No pattern-specific variable values.

# Directories

# C:\Program Files (x86)\Microsoft Visual Studio\2019\BuildTools\VC (key C:/Program Files (x86)/Microsoft Visual Studio/2019/BuildTools/VC, mtime 1635776078): 5 files, no impossibilities.
# C:\Users\eron\AppData\Local\GitHubDesktop\bin (key C:/Users/eron/AppData/Local/GitHubDesktop/bin, mtime 1621139637): 4 files, no impossibilities.
# C:\Program Files\Eclipse Foundation\jdk-11.0.12.7-hotspot\bin (key C:/Program Files/Eclipse Foundation/jdk-11.0.12.7-hotspot/bin, mtime 1633325338): 127 files, no impossibilities.
# C:\Users\eron\AppData\Local\Programs\Microsoft VS Code\bin (key C:/Users/eron/AppData/Local/Programs/Microsoft VS Code/bin, mtime 1653099638): 4 files, no impossibilities.
# c:\users\eron\appdata\roaming\python\python38\scripts (key c:/users/eron/appdata/roaming/python/python38/scripts, mtime 1635723705): 8 files, no impossibilities.
# C:\Windows\System32\WindowsPowerShell\v1.0\ (key C:/Windows/System32/WindowsPowerShell/v1.0/, mtime 1620752579): 30 files, no impossibilities.
# . (key c:/Users/eron/Documents/GitHub/GG1-C2-Rendering-Water-Caustics, mtime 1655246443): 21 files, no impossibilities.
# C:\Users\eron\.dotnet\tools: could not be stat'd.
# C:\Program Files\Git\cmd (key C:/Program Files/Git/cmd, mtime 1623376240): 8 files, no impossibilities.
# C:\Windows\System32\OpenSSH\: could not be stat'd.
# C:\MinGW\bin (key C:/MinGW/bin, mtime 1654742969): 163 files, no impossibilities.
# C:\Program Files\CMake\bin (key C:/Program Files/CMake/bin, mtime 1654291133): 7 files, no impossibilities.
# C:\Program Files (x86)\Microsoft Visual Studio\2019\Community\VC\Tools\MSVC\14.29.30133\bin\Hostx64\x64 (key C:/Program Files (x86)/Microsoft Visual Studio/2019/Community/VC/Tools/MSVC/14.29.30133/bin/Hostx64/x64, mtime 1635732647): 70 files, no impossibilities.
# C:\Program Files\AdoptOpenJDK\jdk-16.0.1.9-hotspot\bin (key C:/Program Files/AdoptOpenJDK/jdk-16.0.1.9-hotspot/bin, mtime 1621186565): 123 files, no impossibilities.
# C:\Program Files (x86)\GnuWin32\bin (key C:/Program Files (x86)/GnuWin32/bin, mtime 1649807871): 104 files, no impossibilities.
# C:\Users\eron\pypy3.7-v7.3.4-win64 (key C:/Users/eron/pypy3.7-v7.3.4-win64, mtime 1621540089): 15 files, no impossibilities.
# C:\VulkanSDK\1.3.204.1\Bin (key C:/VulkanSDK/1.3.204.1/Bin, mtime 1649370105): 49 files, no impossibilities.
# C:\Windows (key C:/Windows, mtime 1655284872): 138 files, no impossibilities.
# C:\Users\eron\anaconda3\Scripts (key C:/Users/eron/anaconda3/Scripts, mtime 1653095178): 347 files, no impossibilities.
# C:\Program Files\AdoptOpenJDK\jdk-8.0.292.10-hotspot\bin (key C:/Program Files/AdoptOpenJDK/jdk-8.0.292.10-hotspot/bin, mtime 1624063343): 53 files, no impossibilities.
# C:\Windows\System32\Wbem (key C:/Windows/System32/Wbem, mtime 1655284876): 170 files, no impossibilities.
# C:\Program Files (x86)\Windows Kits\10\bin\10.0.19041.0\x86 (key C:/Program Files (x86)/Windows Kits/10/bin/10.0.19041.0/x86, mtime 1623437734): 221 files, no impossibilities.
# C:\Program Files (x86)\ZeroTier\One\ (key C:/Program Files (x86)/ZeroTier/One/, mtime 1651033209): 7 files, no impossibilities.
# C:\Users\eron\pypy3.7-v7.3.4-win64\Scripts (key C:/Users/eron/pypy3.7-v7.3.4-win64/Scripts, mtime 1621540107): 7 files, no impossibilities.
# C:\Program Files\Common Files\Oracle\Java\javapath (key C:/Program Files/Common Files/Oracle/Java/javapath, mtime 1648853620): 6 files, no impossibilities.
# C:\Program Files\dotnet\ (key C:/Program Files/dotnet/, mtime 1635730151): 10 files, no impossibilities.
# C:\iverilog\gtkwave\bin (key C:/iverilog/gtkwave/bin, mtime 1629851001): 325 files, no impossibilities.
# C:\Windows\system32 (key C:/Windows/system32, mtime 1655285657): 3045 files, no impossibilities.
# C:\Program Files\Multipass\bin (key C:/Program Files/Multipass/bin, mtime 1635779682): 33 files, no impossibilities.
# c:\users\eron\.local\bin (key c:/users/eron/.local/bin, mtime 1635723919): 2 files, no impossibilities.
# C:\iverilog\bin (key C:/iverilog/bin, mtime 1629850995): 13 files, no impossibilities.
# C:\Program Files\PuTTY\ (key C:/Program Files/PuTTY/, mtime 1630628500): 12 files, no impossibilities.

# 5127 files, no impossibilities in 32 directories.

# Implicit Rules

# No implicit rules.

# Files

# Not a target:
kernel/kernel.cpp:
#  Implicit rule search has not been done.
#  Modification time never checked.
#  File has not been updated.

# Not a target:
all:
#  Command line target.
#  Implicit rule search has been done.
#  File does not exist.
#  File has not been updated.

# Not a target:
objects/camera.h:
#  Implicit rule search has not been done.
#  Modification time never checked.
#  File has not been updated.

# Not a target:
objects/water.h:
#  Implicit rule search has not been done.
#  Modification time never checked.
#  File has not been updated.

# Not a target:
.SUFFIXES:
#  Implicit rule search has not been done.
#  Modification time never checked.
#  File has not been updated.

kernel.o: objects/skybox.h objects/camera.h objects/helper.h objects/water.h kernel/kernel.h kernel/kernel.cpp
#  Implicit rule search has not been done.
#  Modification time never checked.
#  File has not been updated.
#  recipe to execute (from 'makefile', line 19):
	$(CC) $(CFLAGS) $(INC) kernel/kernel.cpp

# Not a target:
objects/water.cpp:
#  Implicit rule search has not been done.
#  Modification time never checked.
#  File has not been updated.

# Not a target:
makefile:
#  Implicit rule search has been done.
#  Last modified 2022-06-10 07:37:49
#  File has been updated.
#  Successfully updated.

# Not a target:
main.cpp:
#  Implicit rule search has not been done.
#  Modification time never checked.
#  File has not been updated.

# Not a target:
objects/helper.h:
#  Implicit rule search has not been done.
#  Modification time never checked.
#  File has not been updated.

# Not a target:
.DEFAULT:
#  Implicit rule search has not been done.
#  Modification time never checked.
#  File has not been updated.

# Not a target:
objects/skybox.h:
#  Implicit rule search has not been done.
#  Modification time never checked.
#  File has not been updated.

main.o: objects/camera.h objects/helper.h kernel/kernel.h main.cpp
#  Implicit rule search has not been done.
#  Modification time never checked.
#  File has not been updated.
#  recipe to execute (from 'makefile', line 22):
	$(CC) $(CFLAGS) $(INC) main.cpp

EWS.exe: water.o kernel.o main.o
#  Implicit rule search has not been done.
#  Modification time never checked.
#  File has not been updated.
#  recipe to execute (from 'makefile', line 13):
	$(CC) $(LFLAGS) $(INC) $(OBJS) -o EWS.exe $(LDLIBS)

water.o: objects/water.h objects/helper.h objects/water.cpp
#  Implicit rule search has not been done.
#  Modification time never checked.
#  File has not been updated.
#  recipe to execute (from 'makefile', line 16):
	$(CC) $(CFLAGS) $(INC) objects/water.cpp

# Not a target:
kernel/kernel.h:
#  Implicit rule search has not been done.
#  Modification time never checked.
#  File has not been updated.

clean:
#  Implicit rule search has not been done.
#  Modification time never checked.
#  File has not been updated.
#  recipe to execute (from 'makefile', line 25):
	\rm *.o *~ EWS.exe

# files hash-table stats:
# Load=17/1024=2%, Rehash=0, Collisions=1/46=2%
# VPATH Search Paths

# No 'vpath' search paths.

# No general ('VPATH' variable) search path.

# strcache buffers: 10 (9) / strings = 4848 / storage = 75107 B / avg = 15 B
# current buf: size = 8174 B / used = 1604 B / count = 143 / avg = 11 B
# other used: total = 66933 B / count = 4705 / avg = 14 B
# other free: total = 63 B / max = 13 B / min = 2 B / avg = 7 B

# strcache performance: lookups = 5191 / hit rate = 6%
# hash-table stats:
# Load=4848/8192=59%, Rehash=0, Collisions=2785/5191=54%
# Finished Make data base on Wed Jun 15 10:53:31 2022

 
make.exe: *** No rule to make target 'all'.  Stop.

